<?xml version="1.0" encoding="UTF-8"?>
<!-- Generated by org.testng.reporters.JUnitReportReporter -->
<testsuite skipped="0" hostname="DESKTOP-Raveena" name="com.automation.seleniumPractice.practiceTestNGTest" tests="9" failures="0" timestamp="22 Jul 2019 17:56:53 GMT" time="0.016" errors="0">
  <testcase name="testExpectedExceptions" time="0.007" classname="com.automation.seleniumPractice.practiceTestNGTest"/>
  <testcase name="testPriority" time="0.005" classname="com.automation.seleniumPractice.practiceTestNGTest"/>
  <testcase name="testExpectedExceptions" time="0.001" classname="com.automation.seleniumPractice.practiceTestNGTest"/>
  <testcase name="testDataProvider" time="0.001" classname="com.automation.seleniumPractice.practiceTestNGTest"/>
  <testcase name="testDataProvider" time="0.000" classname="com.automation.seleniumPractice.practiceTestNGTest"/>
  <testcase name="testDataProvider" time="0.001" classname="com.automation.seleniumPractice.practiceTestNGTest"/>
  <testcase name="testDataProvider" time="0.000" classname="com.automation.seleniumPractice.practiceTestNGTest"/>
  <testcase name="testDataProvider" time="0.001" classname="com.automation.seleniumPractice.practiceTestNGTest"/>
  <testcase name="testDataProvider" time="0.000" classname="com.automation.seleniumPractice.practiceTestNGTest"/>
</testsuite> <!-- com.automation.seleniumPractice.practiceTestNGTest -->
